This is pdfTeX, Version 3.14159265-2.6-1.40.18 (MiKTeX 2.9.6600 64-bit) (preloaded format=pdflatex 2018.3.16)  26 JUN 2018 12:11
entering extended mode
**./main.tex
(main.tex
LaTeX2e <2017-04-15>
Babel <3.17> and hyphenation patterns for 75 language(s) loaded.
(ieeeMicro.cls
Document Class: ieeeMicro 2005/09/16 v1.4f Standard LaTeX document class
("C:\Users\onur\AppData\Local\Programs\MiKTeX 2.9\tex\latex\base\size10.clo"
File: size10.clo 2014/09/29 v1.4h Standard LaTeX file (size option)
)
\c@part=\count79
\c@section=\count80
\c@subsection=\count81
\c@subsubsection=\count82
\c@paragraph=\count83
\c@subparagraph=\count84
\c@figure=\count85
\c@table=\count86
\abovecaptionskip=\skip41
\belowcaptionskip=\skip42
\bibindent=\dimen102
)
(preamble.tex
("C:\Users\onur\AppData\Local\Programs\MiKTeX 2.9\tex\latex\geometry\geometry.s
ty"
Package: geometry 2010/09/12 v5.6 Page Geometry

("C:\Users\onur\AppData\Local\Programs\MiKTeX 2.9\tex\latex\graphics\keyval.sty
"
Package: keyval 2014/10/28 v1.15 key=value parser (DPC)
\KV@toks@=\toks14
)
("C:\Users\onur\AppData\Local\Programs\MiKTeX 2.9\tex\generic\oberdiek\ifpdf.st
y"
Package: ifpdf 2017/03/15 v3.2 Provides the ifpdf switch
)
("C:\Users\onur\AppData\Local\Programs\MiKTeX 2.9\tex\generic\oberdiek\ifvtex.s
ty"
Package: ifvtex 2016/05/16 v1.6 Detect VTeX and its facilities (HO)
Package ifvtex Info: VTeX not detected.
)
("C:\Users\onur\AppData\Local\Programs\MiKTeX 2.9\tex\generic\ifxetex\ifxetex.s
ty"
Package: ifxetex 2010/09/12 v0.6 Provides ifxetex conditional
)
\Gm@cnth=\count87
\Gm@cntv=\count88
\c@Gm@tempcnt=\count89
\Gm@bindingoffset=\dimen103
\Gm@wd@mp=\dimen104
\Gm@odd@mp=\dimen105
\Gm@even@mp=\dimen106
\Gm@layoutwidth=\dimen107
\Gm@layoutheight=\dimen108
\Gm@layouthoffset=\dimen109
\Gm@layoutvoffset=\dimen110
\Gm@dimlist=\toks15

("C:\Users\onur\AppData\Local\Programs\MiKTeX 2.9\tex\latex\geometry\geometry.c
fg")) ("C:\Users\onur\AppData\Local\Programs\MiKTeX 2.9\tex\latex\cite\cite.sty
"
LaTeX Info: Redefining \cite on input line 302.
LaTeX Info: Redefining \nocite on input line 332.
Package: cite 2015/02/27  v 5.5
LaTeX Info: Redefining \cite on input line 441.
)
("C:\Users\onur\AppData\Local\Programs\MiKTeX 2.9\tex\latex\multirow\multirow.s
ty"
Package: multirow 2016/11/25 v2.2 Span multiple rows of a table
\multirow@colwidth=\skip43
\multirow@cntb=\count90
\multirow@dima=\skip44
\bigstrutjot=\dimen111
) ("C:\Users\onur\AppData\Local\Programs\MiKTeX 2.9\tex\latex\tools\array.sty"
Package: array 2016/10/06 v2.4d Tabular extension package (FMi)
\col@sep=\dimen112
\extrarowheight=\dimen113
\NC@list=\toks16
\extratabsurround=\skip45
\backup@length=\skip46
) ("C:\Users\onur\AppData\Local\Programs\MiKTeX 2.9\tex\latex\ms\ragged2e.sty"
Package: ragged2e 2009/05/21 v2.1 ragged2e Package (MS)


LaTeX Warning: Command \@arrayparboxrestore  has changed.
               Check if current package is valid.

("C:\Users\onur\AppData\Local\Programs\MiKTeX 2.9\tex\latex\ms\everysel.sty"
Package: everysel 2011/10/28 v1.2 EverySelectfont Package (MS)
)
("C:\Users\onur\AppData\Local\Programs\MiKTeX 2.9\tex\latex\footmisc\footmisc.s
ty"
Package: footmisc 2011/06/06 v5.5b a miscellany of footnote facilities
\FN@temptoken=\toks17
\footnotemargin=\dimen114
\c@pp@next@reset=\count91
Package footmisc Info: Declaring symbol style bringhurst on input line 855.
Package footmisc Info: Declaring symbol style chicago on input line 863.
Package footmisc Info: Declaring symbol style wiley on input line 872.
Package footmisc Info: Declaring symbol style lamport-robust on input line 883.

Package footmisc Info: Declaring symbol style lamport* on input line 903.
Package footmisc Info: Declaring symbol style lamport*-robust on input line 924
.
)
\CenteringLeftskip=\skip47
\RaggedLeftLeftskip=\skip48
\RaggedRightLeftskip=\skip49
\CenteringRightskip=\skip50
\RaggedLeftRightskip=\skip51
\RaggedRightRightskip=\skip52
\CenteringParfillskip=\skip53
\RaggedLeftParfillskip=\skip54
\RaggedRightParfillskip=\skip55
\JustifyingParfillskip=\skip56
\CenteringParindent=\skip57
\RaggedLeftParindent=\skip58
\RaggedRightParindent=\skip59
\JustifyingParindent=\skip60
)
("C:\Users\onur\AppData\Local\Programs\MiKTeX 2.9\tex\latex\lipsum\lipsum.sty"
Package: lipsum 2014/07/27 v1.3 150 paragraphs of Lorem Ipsum dummy text
\c@lips@count=\count92
) ("C:\Users\onur\AppData\Local\Programs\MiKTeX 2.9\tex\latex\xcolor\xcolor.sty
"
Package: xcolor 2016/05/11 v2.12 LaTeX color extensions (UK)

("C:\Users\onur\AppData\Local\Programs\MiKTeX 2.9\tex\latex\graphics-cfg\color.
cfg"
File: color.cfg 2016/01/02 v1.6 sample color configuration
)
Package xcolor Info: Driver file: pdftex.def on input line 225.

("C:\Users\onur\AppData\Local\Programs\MiKTeX 2.9\tex\latex\graphics-def\pdftex
.def"
File: pdftex.def 2018/01/08 v1.0l Graphics/color driver for pdftex
)
Package xcolor Info: Model `cmy' substituted by `cmy0' on input line 1348.
Package xcolor Info: Model `hsb' substituted by `rgb' on input line 1352.
Package xcolor Info: Model `RGB' extended on input line 1364.
Package xcolor Info: Model `HTML' substituted by `rgb' on input line 1366.
Package xcolor Info: Model `Hsb' substituted by `hsb' on input line 1367.
Package xcolor Info: Model `tHsb' substituted by `hsb' on input line 1368.
Package xcolor Info: Model `HSB' substituted by `hsb' on input line 1369.
Package xcolor Info: Model `Gray' substituted by `gray' on input line 1370.
Package xcolor Info: Model `wave' substituted by `hsb' on input line 1371.
)
("C:\Users\onur\AppData\Local\Programs\MiKTeX 2.9\tex\latex\graphics\graphicx.s
ty"
Package: graphicx 2017/06/01 v1.1a Enhanced LaTeX Graphics (DPC,SPQR)

("C:\Users\onur\AppData\Local\Programs\MiKTeX 2.9\tex\latex\graphics\graphics.s
ty"
Package: graphics 2017/06/25 v1.2c Standard LaTeX Graphics (DPC,SPQR)

("C:\Users\onur\AppData\Local\Programs\MiKTeX 2.9\tex\latex\graphics\trig.sty"
Package: trig 2016/01/03 v1.10 sin cos tan (DPC)
)
("C:\Users\onur\AppData\Local\Programs\MiKTeX 2.9\tex\latex\graphics-cfg\graphi
cs.cfg"
File: graphics.cfg 2016/06/04 v1.11 sample graphics configuration
)
Package graphics Info: Driver file: pdftex.def on input line 99.
)
\Gin@req@height=\dimen115
\Gin@req@width=\dimen116
)
("C:\Users\onur\AppData\Local\Programs\MiKTeX 2.9\tex\latex\wallpaper\wallpaper
.sty"
Package: wallpaper 2005/01/18, v1.01 easy wallpaper formatting (MHFW)

("C:\Users\onur\AppData\Local\Programs\MiKTeX 2.9\tex\latex\base\ifthen.sty"
Package: ifthen 2014/09/29 v1.1c Standard LaTeX ifthen package (DPC)
)
("C:\Users\onur\AppData\Local\Programs\MiKTeX 2.9\tex\latex\tools\calc.sty"
Package: calc 2014/10/28 v4.3 Infix arithmetic (KKT,FJ)
\calc@Acount=\count93
\calc@Bcount=\count94
\calc@Adimen=\dimen117
\calc@Bdimen=\dimen118
\calc@Askip=\skip61
\calc@Bskip=\skip62
LaTeX Info: Redefining \setlength on input line 80.
LaTeX Info: Redefining \addtolength on input line 81.
\calc@Ccount=\count95
\calc@Cskip=\skip63
)
("C:\Users\onur\AppData\Local\Programs\MiKTeX 2.9\tex\latex\eso-pic\eso-pic.sty
"
Package: eso-pic 2018/04/12 v2.0h eso-pic (RN)

("C:\Users\onur\AppData\Local\Programs\MiKTeX 2.9\tex\generic\oberdiek\atbegshi
.sty"
Package: atbegshi 2016/06/09 v1.18 At begin shipout hook (HO)

("C:\Users\onur\AppData\Local\Programs\MiKTeX 2.9\tex\generic\oberdiek\infwarer
r.sty"
Package: infwarerr 2016/05/16 v1.4 Providing info/warning/error messages (HO)
)
("C:\Users\onur\AppData\Local\Programs\MiKTeX 2.9\tex\generic\oberdiek\ltxcmds.
sty"
Package: ltxcmds 2016/05/16 v1.23 LaTeX kernel commands for general use (HO)
)))
\wpXoffset=\skip64
\wpYoffset=\skip65
\tileXoffset=\skip66
\tileYoffset=\skip67
\tilewidth=\skip68
\tileheight=\skip69
\tileX=\skip70
\tileY=\skip71
)
("C:\Users\onur\AppData\Local\Programs\MiKTeX 2.9\tex\latex\base\fix-cm.sty"
Package: fix-cm 2015/01/14 v1.1t fixes to LaTeX

("C:\Users\onur\AppData\Local\Programs\MiKTeX 2.9\tex\latex\base\ts1enc.def"
File: ts1enc.def 2001/06/05 v3.0e (jk/car/fm) Standard LaTeX file
))
("C:\Users\onur\AppData\Local\Programs\MiKTeX 2.9\tex\latex\pgf\frontendlayer\t
ikz.sty"
("C:\Users\onur\AppData\Local\Programs\MiKTeX 2.9\tex\latex\pgf\basiclayer\pgf.
sty"
("C:\Users\onur\AppData\Local\Programs\MiKTeX 2.9\tex\latex\pgf\utilities\pgfrc
s.sty"
("C:\Users\onur\AppData\Local\Programs\MiKTeX 2.9\tex\generic\pgf\utilities\pgf
util-common.tex"
\pgfutil@everybye=\toks18
\pgfutil@tempdima=\dimen119
\pgfutil@tempdimb=\dimen120

("C:\Users\onur\AppData\Local\Programs\MiKTeX 2.9\tex\generic\pgf\utilities\pgf
util-common-lists.tex"))
("C:\Users\onur\AppData\Local\Programs\MiKTeX 2.9\tex\generic\pgf\utilities\pgf
util-latex.def"
\pgfutil@abb=\box26

("C:\Users\onur\AppData\Local\Programs\MiKTeX 2.9\tex\latex\ms\everyshi.sty"
Package: everyshi 2001/05/15 v3.00 EveryShipout Package (MS)
))
("C:\Users\onur\AppData\Local\Programs\MiKTeX 2.9\tex\generic\pgf\utilities\pgf
rcs.code.tex"
Package: pgfrcs 2015/08/07 v3.0.1a (rcs-revision 1.31)
))
Package: pgf 2015/08/07 v3.0.1a (rcs-revision 1.15)

("C:\Users\onur\AppData\Local\Programs\MiKTeX 2.9\tex\latex\pgf\basiclayer\pgfc
ore.sty"
("C:\Users\onur\AppData\Local\Programs\MiKTeX 2.9\tex\latex\pgf\systemlayer\pgf
sys.sty"
("C:\Users\onur\AppData\Local\Programs\MiKTeX 2.9\tex\generic\pgf\systemlayer\p
gfsys.code.tex"
Package: pgfsys 2014/07/09 v3.0.1a (rcs-revision 1.48)

("C:\Users\onur\AppData\Local\Programs\MiKTeX 2.9\tex\generic\pgf\utilities\pgf
keys.code.tex"
\pgfkeys@pathtoks=\toks19
\pgfkeys@temptoks=\toks20

("C:\Users\onur\AppData\Local\Programs\MiKTeX 2.9\tex\generic\pgf\utilities\pgf
keysfiltered.code.tex"
\pgfkeys@tmptoks=\toks21
))
\pgf@x=\dimen121
\pgf@y=\dimen122
\pgf@xa=\dimen123
\pgf@ya=\dimen124
\pgf@xb=\dimen125
\pgf@yb=\dimen126
\pgf@xc=\dimen127
\pgf@yc=\dimen128
\w@pgf@writea=\write3
\r@pgf@reada=\read1
\c@pgf@counta=\count96
\c@pgf@countb=\count97
\c@pgf@countc=\count98
\c@pgf@countd=\count99
\t@pgf@toka=\toks22
\t@pgf@tokb=\toks23
\t@pgf@tokc=\toks24

("C:\Users\onur\AppData\Local\Programs\MiKTeX 2.9\tex\generic\pgf\systemlayer\p
gf.cfg"
File: pgf.cfg 2008/05/14  (rcs-revision 1.7)
)
Driver file for pgf: pgfsys-pdftex.def

("C:\Users\onur\AppData\Local\Programs\MiKTeX 2.9\tex\generic\pgf\systemlayer\p
gfsys-pdftex.def"
File: pgfsys-pdftex.def 2014/10/11  (rcs-revision 1.35)

("C:\Users\onur\AppData\Local\Programs\MiKTeX 2.9\tex\generic\pgf\systemlayer\p
gfsys-common-pdf.def"
File: pgfsys-common-pdf.def 2013/10/10  (rcs-revision 1.13)
)))
("C:\Users\onur\AppData\Local\Programs\MiKTeX 2.9\tex\generic\pgf\systemlayer\p
gfsyssoftpath.code.tex"
File: pgfsyssoftpath.code.tex 2013/09/09  (rcs-revision 1.9)
\pgfsyssoftpath@smallbuffer@items=\count100
\pgfsyssoftpath@bigbuffer@items=\count101
)
("C:\Users\onur\AppData\Local\Programs\MiKTeX 2.9\tex\generic\pgf\systemlayer\p
gfsysprotocol.code.tex"
File: pgfsysprotocol.code.tex 2006/10/16  (rcs-revision 1.4)
))
("C:\Users\onur\AppData\Local\Programs\MiKTeX 2.9\tex\generic\pgf\basiclayer\pg
fcore.code.tex"
Package: pgfcore 2010/04/11 v3.0.1a (rcs-revision 1.7)

("C:\Users\onur\AppData\Local\Programs\MiKTeX 2.9\tex\generic\pgf\math\pgfmath.
code.tex"
("C:\Users\onur\AppData\Local\Programs\MiKTeX 2.9\tex\generic\pgf\math\pgfmathc
alc.code.tex"
("C:\Users\onur\AppData\Local\Programs\MiKTeX 2.9\tex\generic\pgf\math\pgfmathu
til.code.tex")
("C:\Users\onur\AppData\Local\Programs\MiKTeX 2.9\tex\generic\pgf\math\pgfmathp
arser.code.tex"
\pgfmath@dimen=\dimen129
\pgfmath@count=\count102
\pgfmath@box=\box27
\pgfmath@toks=\toks25
\pgfmath@stack@operand=\toks26
\pgfmath@stack@operation=\toks27
)
("C:\Users\onur\AppData\Local\Programs\MiKTeX 2.9\tex\generic\pgf\math\pgfmathf
unctions.code.tex"
("C:\Users\onur\AppData\Local\Programs\MiKTeX 2.9\tex\generic\pgf\math\pgfmathf
unctions.basic.code.tex")
("C:\Users\onur\AppData\Local\Programs\MiKTeX 2.9\tex\generic\pgf\math\pgfmathf
unctions.trigonometric.code.tex")
("C:\Users\onur\AppData\Local\Programs\MiKTeX 2.9\tex\generic\pgf\math\pgfmathf
unctions.random.code.tex")
("C:\Users\onur\AppData\Local\Programs\MiKTeX 2.9\tex\generic\pgf\math\pgfmathf
unctions.comparison.code.tex")
("C:\Users\onur\AppData\Local\Programs\MiKTeX 2.9\tex\generic\pgf\math\pgfmathf
unctions.base.code.tex")
("C:\Users\onur\AppData\Local\Programs\MiKTeX 2.9\tex\generic\pgf\math\pgfmathf
unctions.round.code.tex")
("C:\Users\onur\AppData\Local\Programs\MiKTeX 2.9\tex\generic\pgf\math\pgfmathf
unctions.misc.code.tex")
("C:\Users\onur\AppData\Local\Programs\MiKTeX 2.9\tex\generic\pgf\math\pgfmathf
unctions.integerarithmetics.code.tex")))
("C:\Users\onur\AppData\Local\Programs\MiKTeX 2.9\tex\generic\pgf\math\pgfmathf
loat.code.tex"
\c@pgfmathroundto@lastzeros=\count103
))
("C:\Users\onur\AppData\Local\Programs\MiKTeX 2.9\tex\generic\pgf\basiclayer\pg
fcorepoints.code.tex"
File: pgfcorepoints.code.tex 2013/10/07  (rcs-revision 1.27)
\pgf@picminx=\dimen130
\pgf@picmaxx=\dimen131
\pgf@picminy=\dimen132
\pgf@picmaxy=\dimen133
\pgf@pathminx=\dimen134
\pgf@pathmaxx=\dimen135
\pgf@pathminy=\dimen136
\pgf@pathmaxy=\dimen137
\pgf@xx=\dimen138
\pgf@xy=\dimen139
\pgf@yx=\dimen140
\pgf@yy=\dimen141
\pgf@zx=\dimen142
\pgf@zy=\dimen143
)
("C:\Users\onur\AppData\Local\Programs\MiKTeX 2.9\tex\generic\pgf\basiclayer\pg
fcorepathconstruct.code.tex"
File: pgfcorepathconstruct.code.tex 2013/10/07  (rcs-revision 1.29)
\pgf@path@lastx=\dimen144
\pgf@path@lasty=\dimen145
)
("C:\Users\onur\AppData\Local\Programs\MiKTeX 2.9\tex\generic\pgf\basiclayer\pg
fcorepathusage.code.tex"
File: pgfcorepathusage.code.tex 2014/11/02  (rcs-revision 1.24)
\pgf@shorten@end@additional=\dimen146
\pgf@shorten@start@additional=\dimen147
)
("C:\Users\onur\AppData\Local\Programs\MiKTeX 2.9\tex\generic\pgf\basiclayer\pg
fcorescopes.code.tex"
File: pgfcorescopes.code.tex 2015/05/08  (rcs-revision 1.46)
\pgfpic=\box28
\pgf@hbox=\box29
\pgf@layerbox@main=\box30
\pgf@picture@serial@count=\count104
)
("C:\Users\onur\AppData\Local\Programs\MiKTeX 2.9\tex\generic\pgf\basiclayer\pg
fcoregraphicstate.code.tex"
File: pgfcoregraphicstate.code.tex 2014/11/02  (rcs-revision 1.12)
\pgflinewidth=\dimen148
)
("C:\Users\onur\AppData\Local\Programs\MiKTeX 2.9\tex\generic\pgf\basiclayer\pg
fcoretransformations.code.tex"
File: pgfcoretransformations.code.tex 2015/08/07  (rcs-revision 1.20)
\pgf@pt@x=\dimen149
\pgf@pt@y=\dimen150
\pgf@pt@temp=\dimen151
)
("C:\Users\onur\AppData\Local\Programs\MiKTeX 2.9\tex\generic\pgf\basiclayer\pg
fcorequick.code.tex"
File: pgfcorequick.code.tex 2008/10/09  (rcs-revision 1.3)
)
("C:\Users\onur\AppData\Local\Programs\MiKTeX 2.9\tex\generic\pgf\basiclayer\pg
fcoreobjects.code.tex"
File: pgfcoreobjects.code.tex 2006/10/11  (rcs-revision 1.2)
)
("C:\Users\onur\AppData\Local\Programs\MiKTeX 2.9\tex\generic\pgf\basiclayer\pg
fcorepathprocessing.code.tex"
File: pgfcorepathprocessing.code.tex 2013/09/09  (rcs-revision 1.9)
)
("C:\Users\onur\AppData\Local\Programs\MiKTeX 2.9\tex\generic\pgf\basiclayer\pg
fcorearrows.code.tex"
File: pgfcorearrows.code.tex 2015/05/14  (rcs-revision 1.43)
\pgfarrowsep=\dimen152
)
("C:\Users\onur\AppData\Local\Programs\MiKTeX 2.9\tex\generic\pgf\basiclayer\pg
fcoreshade.code.tex"
File: pgfcoreshade.code.tex 2013/07/15  (rcs-revision 1.15)
\pgf@max=\dimen153
\pgf@sys@shading@range@num=\count105
)
("C:\Users\onur\AppData\Local\Programs\MiKTeX 2.9\tex\generic\pgf\basiclayer\pg
fcoreimage.code.tex"
File: pgfcoreimage.code.tex 2013/07/15  (rcs-revision 1.18)

("C:\Users\onur\AppData\Local\Programs\MiKTeX 2.9\tex\generic\pgf\basiclayer\pg
fcoreexternal.code.tex"
File: pgfcoreexternal.code.tex 2014/07/09  (rcs-revision 1.21)
\pgfexternal@startupbox=\box31
))
("C:\Users\onur\AppData\Local\Programs\MiKTeX 2.9\tex\generic\pgf\basiclayer\pg
fcorelayers.code.tex"
File: pgfcorelayers.code.tex 2013/07/18  (rcs-revision 1.7)
)
("C:\Users\onur\AppData\Local\Programs\MiKTeX 2.9\tex\generic\pgf\basiclayer\pg
fcoretransparency.code.tex"
File: pgfcoretransparency.code.tex 2013/09/30  (rcs-revision 1.5)
)
("C:\Users\onur\AppData\Local\Programs\MiKTeX 2.9\tex\generic\pgf\basiclayer\pg
fcorepatterns.code.tex"
File: pgfcorepatterns.code.tex 2013/11/07  (rcs-revision 1.5)
)))
("C:\Users\onur\AppData\Local\Programs\MiKTeX 2.9\tex\generic\pgf\modules\pgfmo
duleshapes.code.tex"
File: pgfmoduleshapes.code.tex 2014/03/21  (rcs-revision 1.35)
\pgfnodeparttextbox=\box32
)
("C:\Users\onur\AppData\Local\Programs\MiKTeX 2.9\tex\generic\pgf\modules\pgfmo
duleplot.code.tex"
File: pgfmoduleplot.code.tex 2015/08/03  (rcs-revision 1.13)
)
("C:\Users\onur\AppData\Local\Programs\MiKTeX 2.9\tex\latex\pgf\compatibility\p
gfcomp-version-0-65.sty"
Package: pgfcomp-version-0-65 2007/07/03 v3.0.1a (rcs-revision 1.7)
\pgf@nodesepstart=\dimen154
\pgf@nodesepend=\dimen155
)
("C:\Users\onur\AppData\Local\Programs\MiKTeX 2.9\tex\latex\pgf\compatibility\p
gfcomp-version-1-18.sty"
Package: pgfcomp-version-1-18 2007/07/23 v3.0.1a (rcs-revision 1.1)
))
("C:\Users\onur\AppData\Local\Programs\MiKTeX 2.9\tex\latex\pgf\utilities\pgffo
r.sty"
("C:\Users\onur\AppData\Local\Programs\MiKTeX 2.9\tex\latex\pgf\utilities\pgfke
ys.sty"
("C:\Users\onur\AppData\Local\Programs\MiKTeX 2.9\tex\generic\pgf\utilities\pgf
keys.code.tex"))
("C:\Users\onur\AppData\Local\Programs\MiKTeX 2.9\tex\latex\pgf\math\pgfmath.st
y"
("C:\Users\onur\AppData\Local\Programs\MiKTeX 2.9\tex\generic\pgf\math\pgfmath.
code.tex"))
("C:\Users\onur\AppData\Local\Programs\MiKTeX 2.9\tex\generic\pgf\utilities\pgf
for.code.tex"
Package: pgffor 2013/12/13 v3.0.1a (rcs-revision 1.25)

("C:\Users\onur\AppData\Local\Programs\MiKTeX 2.9\tex\generic\pgf\math\pgfmath.
code.tex")
\pgffor@iter=\dimen156
\pgffor@skip=\dimen157
\pgffor@stack=\toks28
\pgffor@toks=\toks29
))
("C:\Users\onur\AppData\Local\Programs\MiKTeX 2.9\tex\generic\pgf\frontendlayer
\tikz\tikz.code.tex"
Package: tikz 2015/08/07 v3.0.1a (rcs-revision 1.151)

("C:\Users\onur\AppData\Local\Programs\MiKTeX 2.9\tex\generic\pgf\libraries\pgf
libraryplothandlers.code.tex"
File: pgflibraryplothandlers.code.tex 2013/08/31 v3.0.1a (rcs-revision 1.20)
\pgf@plot@mark@count=\count106
\pgfplotmarksize=\dimen158
)
\tikz@lastx=\dimen159
\tikz@lasty=\dimen160
\tikz@lastxsaved=\dimen161
\tikz@lastysaved=\dimen162
\tikzleveldistance=\dimen163
\tikzsiblingdistance=\dimen164
\tikz@figbox=\box33
\tikz@figbox@bg=\box34
\tikz@tempbox=\box35
\tikz@tempbox@bg=\box36
\tikztreelevel=\count107
\tikznumberofchildren=\count108
\tikznumberofcurrentchild=\count109
\tikz@fig@count=\count110

("C:\Users\onur\AppData\Local\Programs\MiKTeX 2.9\tex\generic\pgf\modules\pgfmo
dulematrix.code.tex"
File: pgfmodulematrix.code.tex 2013/09/17  (rcs-revision 1.8)
\pgfmatrixcurrentrow=\count111
\pgfmatrixcurrentcolumn=\count112
\pgf@matrix@numberofcolumns=\count113
)
\tikz@expandcount=\count114

("C:\Users\onur\AppData\Local\Programs\MiKTeX 2.9\tex\generic\pgf\frontendlayer
\tikz\libraries\tikzlibrarytopaths.code.tex"
File: tikzlibrarytopaths.code.tex 2008/06/17 v3.0.1a (rcs-revision 1.2)
)))
("C:\Users\onur\AppData\Local\Programs\MiKTeX 2.9\tex\latex\etoolbox\etoolbox.s
ty"
Package: etoolbox 2018/02/11 v2.5e e-TeX tools for LaTeX (JAW)
\etb@tempcnta=\count115
)
("C:\Users\onur\AppData\Local\Programs\MiKTeX 2.9\tex\latex\fancyhdr\fancyhdr.s
ty"
Package: fancyhdr 2017/06/30 v3.9a Extensive control of page headers and footer
s
\f@nch@headwidth=\skip72
\f@nch@O@elh=\skip73
\f@nch@O@erh=\skip74
\f@nch@O@olh=\skip75
\f@nch@O@orh=\skip76
\f@nch@O@elf=\skip77
\f@nch@O@erf=\skip78
\f@nch@O@olf=\skip79
\f@nch@O@orf=\skip80
)
("C:\Users\onur\AppData\Local\Programs\MiKTeX 2.9\tex\latex\mdframed\mdframed.s
ty"
Package: mdframed 2013/07/01 1.9b: mdframed

("C:\Users\onur\AppData\Local\Programs\MiKTeX 2.9\tex\latex\oberdiek\kvoptions.
sty"
Package: kvoptions 2016/05/16 v3.12 Key value format for package options (HO)

("C:\Users\onur\AppData\Local\Programs\MiKTeX 2.9\tex\generic\oberdiek\kvsetkey
s.sty"
Package: kvsetkeys 2016/05/16 v1.17 Key value parser (HO)

("C:\Users\onur\AppData\Local\Programs\MiKTeX 2.9\tex\generic\oberdiek\etexcmds
.sty"
Package: etexcmds 2016/05/16 v1.6 Avoid name clashes with e-TeX commands (HO)

("C:\Users\onur\AppData\Local\Programs\MiKTeX 2.9\tex\generic\oberdiek\ifluatex
.sty"
Package: ifluatex 2016/05/16 v1.4 Provides the ifluatex switch (HO)
Package ifluatex Info: LuaTeX not detected.
)
Package etexcmds Info: Could not find \expanded.
(etexcmds)             That can mean that you are not using pdfTeX 1.50 or
(etexcmds)             that some package has redefined \expanded.
(etexcmds)             In the latter case, load this package earlier.
)))
("C:\Users\onur\AppData\Local\Programs\MiKTeX 2.9\tex\latex\l3packages\xparse\x
parse.sty"
("C:\Users\onur\AppData\Local\Programs\MiKTeX 2.9\tex\latex\l3kernel\expl3.sty"
Package: expl3 2018-06-14 L3 programming layer (loader) 

("C:\Users\onur\AppData\Local\Programs\MiKTeX 2.9\tex\latex\l3kernel\expl3-code
.tex"
Package: expl3 2018-06-14 L3 programming layer (code)
\c_max_int=\count116
\l_tmpa_int=\count117
\l_tmpb_int=\count118
\g_tmpa_int=\count119
\g_tmpb_int=\count120
\g__kernel_prg_map_int=\count121
\c_log_iow=\count122
\l_iow_line_count_int=\count123
\l__iow_line_target_int=\count124
\l__iow_one_indent_int=\count125
\l__iow_indent_int=\count126
\c_zero_dim=\dimen165
\c_max_dim=\dimen166
\l_tmpa_dim=\dimen167
\l_tmpb_dim=\dimen168
\g_tmpa_dim=\dimen169
\g_tmpb_dim=\dimen170
\c_zero_skip=\skip81
\c_max_skip=\skip82
\l_tmpa_skip=\skip83
\l_tmpb_skip=\skip84
\g_tmpa_skip=\skip85
\g_tmpb_skip=\skip86
\c_zero_muskip=\muskip10
\c_max_muskip=\muskip11
\l_tmpa_muskip=\muskip12
\l_tmpb_muskip=\muskip13
\g_tmpa_muskip=\muskip14
\g_tmpb_muskip=\muskip15
\l_keys_choice_int=\count127
\l__intarray_loop_int=\count128
\c__intarray_sp_dim=\dimen171
\g__intarray_font_int=\count129
\c__fp_leading_shift_int=\count130
\c__fp_middle_shift_int=\count131
\c__fp_trailing_shift_int=\count132
\c__fp_big_leading_shift_int=\count133
\c__fp_big_middle_shift_int=\count134
\c__fp_big_trailing_shift_int=\count135
\c__fp_Bigg_leading_shift_int=\count136
\c__fp_Bigg_middle_shift_int=\count137
\c__fp_Bigg_trailing_shift_int=\count138
\c__kernel_randint_max_int=\count139
\g__fp_array_int=\count140
\l__fp_array_loop_int=\count141
\l__sort_length_int=\count142
\l__sort_min_int=\count143
\l__sort_top_int=\count144
\l__sort_max_int=\count145
\l__sort_true_max_int=\count146
\l__sort_block_int=\count147
\l__sort_begin_int=\count148
\l__sort_end_int=\count149
\l__sort_A_int=\count150
\l__sort_B_int=\count151
\l__sort_C_int=\count152
\l__tl_analysis_normal_int=\count153
\l__tl_analysis_index_int=\count154
\l__tl_analysis_nesting_int=\count155
\l__tl_analysis_type_int=\count156
\l__regex_internal_a_int=\count157
\l__regex_internal_b_int=\count158
\l__regex_internal_c_int=\count159
\l__regex_balance_int=\count160
\l__regex_group_level_int=\count161
\l__regex_mode_int=\count162
\c__regex_cs_in_class_mode_int=\count163
\c__regex_cs_mode_int=\count164
\l__regex_catcodes_int=\count165
\l__regex_default_catcodes_int=\count166
\c__regex_catcode_D_int=\count167
\c__regex_catcode_S_int=\count168
\c__regex_catcode_L_int=\count169
\c__regex_catcode_O_int=\count170
\c__regex_catcode_A_int=\count171
\c__regex_all_catcodes_int=\count172
\l__regex_show_lines_int=\count173
\l__regex_min_state_int=\count174
\l__regex_max_state_int=\count175
\l__regex_left_state_int=\count176
\l__regex_right_state_int=\count177
\l__regex_capturing_group_int=\count178
\l__regex_min_pos_int=\count179
\l__regex_max_pos_int=\count180
\l__regex_curr_pos_int=\count181
\l__regex_start_pos_int=\count182
\l__regex_success_pos_int=\count183
\l__regex_curr_char_int=\count184
\l__regex_curr_catcode_int=\count185
\l__regex_last_char_int=\count186
\l__regex_case_changed_char_int=\count187
\l__regex_curr_state_int=\count188
\l__regex_step_int=\count189
\l__regex_min_active_int=\count190
\l__regex_max_active_int=\count191
\l__regex_replacement_csnames_int=\count192
\l__regex_match_count_int=\count193
\l__regex_min_submatch_int=\count194
\l__regex_submatch_int=\count195
\l__regex_zeroth_submatch_int=\count196
\g__regex_trace_regex_int=\count197
\c_empty_box=\box37
\l_tmpa_box=\box38
\l_tmpb_box=\box39
\g_tmpa_box=\box40
\g_tmpb_box=\box41
\l__box_top_dim=\dimen172
\l__box_bottom_dim=\dimen173
\l__box_left_dim=\dimen174
\l__box_right_dim=\dimen175
\l__box_top_new_dim=\dimen176
\l__box_bottom_new_dim=\dimen177
\l__box_left_new_dim=\dimen178
\l__box_right_new_dim=\dimen179
\l__box_internal_box=\box42
\l__coffin_internal_box=\box43
\l__coffin_internal_dim=\dimen180
\l__coffin_offset_x_dim=\dimen181
\l__coffin_offset_y_dim=\dimen182
\l__coffin_x_dim=\dimen183
\l__coffin_y_dim=\dimen184
\l__coffin_x_prime_dim=\dimen185
\l__coffin_y_prime_dim=\dimen186
\c_empty_coffin=\box44
\l__coffin_aligned_coffin=\box45
\l__coffin_aligned_internal_coffin=\box46
\l_tmpa_coffin=\box47
\l_tmpb_coffin=\box48
\l__coffin_display_coffin=\box49
\l__coffin_display_coord_coffin=\box50
\l__coffin_display_pole_coffin=\box51
\l__coffin_display_offset_dim=\dimen187
\l__coffin_display_x_dim=\dimen188
\l__coffin_display_y_dim=\dimen189
\g__file_internal_ior=\read2
\l__coffin_bounding_shift_dim=\dimen190
\l__coffin_left_corner_dim=\dimen191
\l__coffin_right_corner_dim=\dimen192
\l__coffin_bottom_corner_dim=\dimen193
\l__coffin_top_corner_dim=\dimen194
\l__coffin_scaled_total_height_dim=\dimen195
\l__coffin_scaled_width_dim=\dimen196
\l__seq_internal_a_int=\count198
\l__seq_internal_b_int=\count199
)
("C:\Users\onur\AppData\Local\Programs\MiKTeX 2.9\tex\latex\l3kernel\l3pdfmode.
def"
File: l3pdfmode.def 2018-06-14 v L3 Experimental driver: PDF mode
\l__driver_color_stack_int=\count266
))
Package: xparse 2018-05-12 L3 Experimental document command parser
\l__xparse_current_arg_int=\count267
\g__xparse_grabber_int=\count268
\l__xparse_m_args_int=\count269
\l__xparse_mandatory_args_int=\count270
\l__xparse_v_nesting_int=\count271
)
("C:\Users\onur\AppData\Local\Programs\MiKTeX 2.9\tex\latex\oberdiek\zref-abspa
ge.sty"
Package: zref-abspage 2016/05/21 v2.26 Module abspage for zref (HO)

("C:\Users\onur\AppData\Local\Programs\MiKTeX 2.9\tex\latex\oberdiek\zref-base.
sty"
Package: zref-base 2016/05/21 v2.26 Module base for zref (HO)

("C:\Users\onur\AppData\Local\Programs\MiKTeX 2.9\tex\generic\oberdiek\kvdefine
keys.sty"
Package: kvdefinekeys 2016/05/16 v1.4 Define keys (HO)
)
("C:\Users\onur\AppData\Local\Programs\MiKTeX 2.9\tex\generic\oberdiek\pdftexcm
ds.sty"
Package: pdftexcmds 2018/01/21 v0.26 Utility functions of pdfTeX for LuaTeX (HO
)
Package pdftexcmds Info: LuaTeX not detected.
Package pdftexcmds Info: \pdf@primitive is available.
Package pdftexcmds Info: \pdf@ifprimitive is available.
Package pdftexcmds Info: \pdfdraftmode found.
)
("C:\Users\onur\AppData\Local\Programs\MiKTeX 2.9\tex\latex\oberdiek\auxhook.st
y"
Package: auxhook 2016/05/16 v1.4 Hooks for auxiliary files (HO)
)
Package zref Info: New property list: main on input line 759.
Package zref Info: New property: default on input line 760.
Package zref Info: New property: page on input line 761.
)
\c@abspage=\count272
Package zref Info: New property: abspage on input line 62.
)
("C:\Users\onur\AppData\Local\Programs\MiKTeX 2.9\tex\latex\needspace\needspace
.sty"
Package: needspace 2010/09/12 v1.3d reserve vertical space
)
\mdf@templength=\skip87
\c@mdf@globalstyle@cnt=\count273
\mdf@skipabove@length=\skip88
\mdf@skipbelow@length=\skip89
\mdf@leftmargin@length=\skip90
\mdf@rightmargin@length=\skip91
\mdf@innerleftmargin@length=\skip92
\mdf@innerrightmargin@length=\skip93
\mdf@innertopmargin@length=\skip94
\mdf@innerbottommargin@length=\skip95
\mdf@splittopskip@length=\skip96
\mdf@splitbottomskip@length=\skip97
\mdf@outermargin@length=\skip98
\mdf@innermargin@length=\skip99
\mdf@linewidth@length=\skip100
\mdf@innerlinewidth@length=\skip101
\mdf@middlelinewidth@length=\skip102
\mdf@outerlinewidth@length=\skip103
\mdf@roundcorner@length=\skip104
\mdf@footenotedistance@length=\skip105
\mdf@userdefinedwidth@length=\skip106
\mdf@needspace@length=\skip107
\mdf@frametitleaboveskip@length=\skip108
\mdf@frametitlebelowskip@length=\skip109
\mdf@frametitlerulewidth@length=\skip110
\mdf@frametitleleftmargin@length=\skip111
\mdf@frametitlerightmargin@length=\skip112
\mdf@shadowsize@length=\skip113
\mdf@extratopheight@length=\skip114
\mdf@subtitleabovelinewidth@length=\skip115
\mdf@subtitlebelowlinewidth@length=\skip116
\mdf@subtitleaboveskip@length=\skip117
\mdf@subtitlebelowskip@length=\skip118
\mdf@subtitleinneraboveskip@length=\skip119
\mdf@subtitleinnerbelowskip@length=\skip120
\mdf@subsubtitleabovelinewidth@length=\skip121
\mdf@subsubtitlebelowlinewidth@length=\skip122
\mdf@subsubtitleaboveskip@length=\skip123
\mdf@subsubtitlebelowskip@length=\skip124
\mdf@subsubtitleinneraboveskip@length=\skip125
\mdf@subsubtitleinnerbelowskip@length=\skip126

("C:\Users\onur\AppData\Local\Programs\MiKTeX 2.9\tex\latex\mdframed\md-frame-0
.mdf"
File: md-frame-0.mdf 2013/07/01\ 1.9b: md-frame-0
)
\mdf@frametitlebox=\box52
\mdf@footnotebox=\box53
\mdf@splitbox@one=\box54
\mdf@splitbox@two=\box55
\mdf@splitbox@save=\box56
\mdfsplitboxwidth=\skip127
\mdfsplitboxtotalwidth=\skip128
\mdfsplitboxheight=\skip129
\mdfsplitboxdepth=\skip130
\mdfsplitboxtotalheight=\skip131
\mdfframetitleboxwidth=\skip132
\mdfframetitleboxtotalwidth=\skip133
\mdfframetitleboxheight=\skip134
\mdfframetitleboxdepth=\skip135
\mdfframetitleboxtotalheight=\skip136
\mdffootnoteboxwidth=\skip137
\mdffootnoteboxtotalwidth=\skip138
\mdffootnoteboxheight=\skip139
\mdffootnoteboxdepth=\skip140
\mdffootnoteboxtotalheight=\skip141
\mdftotallinewidth=\skip142
\mdfboundingboxwidth=\skip143
\mdfboundingboxtotalwidth=\skip144
\mdfboundingboxheight=\skip145
\mdfboundingboxdepth=\skip146
\mdfboundingboxtotalheight=\skip147
\mdf@freevspace@length=\skip148
\mdf@horizontalwidthofbox@length=\skip149
\mdf@verticalmarginwhole@length=\skip150
\mdf@horizontalspaceofbox=\skip151
\mdfsubtitleheight=\skip152
\mdfsubsubtitleheight=\skip153
\c@mdfcountframes=\count274

****** mdframed patching \endmdf@trivlist

****** -- success******

.................................................
. LaTeX info: "xparse/define-command"
. 
. Defining command \newmdtheoremenv with sig. 'O{} m o m o ' on line 601.
.................................................
.................................................
. LaTeX info: "xparse/define-command"
. 
. Defining command \mdtheorem with sig. ' O{} m o m o ' on line 701.
.................................................
\mdf@envdepth=\count275
\c@mdf@env@i=\count276
\c@mdf@env@ii=\count277
\c@mdf@zref@counter=\count278
Package zref Info: New property: mdf@pagevalue on input line 895.
))

LaTeX Warning: Unused global option(s):
    [9pt].

(main.aux)
\openout1 = `main.aux'.

LaTeX Font Info:    Checking defaults for OML/cmm/m/it on input line 6.
LaTeX Font Info:    ... okay on input line 6.
LaTeX Font Info:    Checking defaults for T1/cmr/m/n on input line 6.
LaTeX Font Info:    ... okay on input line 6.
LaTeX Font Info:    Checking defaults for OT1/cmr/m/n on input line 6.
LaTeX Font Info:    ... okay on input line 6.
LaTeX Font Info:    Checking defaults for OMS/cmsy/m/n on input line 6.
LaTeX Font Info:    ... okay on input line 6.
LaTeX Font Info:    Checking defaults for OMX/cmex/m/n on input line 6.
LaTeX Font Info:    ... okay on input line 6.
LaTeX Font Info:    Checking defaults for U/cmr/m/n on input line 6.
LaTeX Font Info:    ... okay on input line 6.
LaTeX Font Info:    Checking defaults for TS1/cmr/m/n on input line 6.
LaTeX Font Info:    ... okay on input line 6.

*geometry* driver: auto-detecting
*geometry* detected driver: pdftex
*geometry* verbose mode - [ preamble ] result:
* driver: pdftex
* paper: custom
* layout: <same size as paper>
* layoutoffset:(h,v)=(0.0pt,0.0pt)
* modes: includehead includefoot 
* h-part:(L,W,R)=(110.96556pt, 370.31868pt, 88.2037pt)
* v-part:(T,H,B)=(42.67912pt, 683.00833pt, 51.21504pt)
* \paperwidth=569.48795pt
* \paperheight=776.9025pt
* \textwidth=370.31868pt
* \textheight=608.00833pt
* \oddsidemargin=38.69557pt
* \evensidemargin=38.69557pt
* \topmargin=-29.59087pt
* \headheight=20.0pt
* \headsep=25.0pt
* \topskip=10.0pt
* \footskip=30.0pt
* \marginparwidth=65.0pt
* \marginparsep=11.0pt
* \columnsep=10.0pt
* \skip\footins=9.0pt plus 4.0pt minus 2.0pt
* \hoffset=0.0pt
* \voffset=0.0pt
* \mag=1000
* \@twocolumnfalse
* \@twosidefalse
* \@mparswitchfalse
* \@reversemarginfalse
* (1in=72.27pt=25.4mm, 1cm=28.453pt)

Package ragged2e Info: ABD: executing \RaggedRight on input line 6.
ABD: EverySelectfont initializing macros
LaTeX Info: Redefining \selectfont on input line 6.

("C:\Users\onur\AppData\Local\Programs\MiKTeX 2.9\tex\context\base\supp-pdf.mki
i"
[Loading MPS to PDF converter (version 2006.09.02).]
\scratchcounter=\count279
\scratchdimen=\dimen197
\scratchbox=\box57
\nofMPsegments=\count280
\nofMParguments=\count281
\everyMPshowfont=\toks30
\MPscratchCnt=\count282
\MPscratchDim=\dimen198
\MPnumerator=\count283
\makeMPintoPDFobject=\count284
\everyMPtoPDFconversion=\toks31
)
("C:\Users\onur\AppData\Local\Programs\MiKTeX 2.9\tex\latex\oberdiek\epstopdf-b
ase.sty"
Package: epstopdf-base 2016/05/15 v2.6 Base part for package epstopdf

("C:\Users\onur\AppData\Local\Programs\MiKTeX 2.9\tex\latex\oberdiek\grfext.sty
"
Package: grfext 2016/05/16 v1.2 Manage graphics extensions (HO)
)
Package epstopdf-base Info: Redefining graphics rule for `.eps' on input line 4
38.
Package grfext Info: Graphics extension search list:
(grfext)             [.pdf,.png,.jpg,.mps,.jpeg,.jbig2,.jb2,.PDF,.PNG,.JPG,.JPE
G,.JBIG2,.JB2,.eps]
(grfext)             \AppendGraphicsExtensions on input line 456.
)
\AtBeginShipoutBox=\box58
 ABD: EveryShipout initializing macros
Overfull \hbox (8.1728pt too wide) in paragraph at lines 10--10
\OT1/cmss/m/n/35 So-ci-ety Mag-a-zine Tem-plate  
 []

LaTeX Font Info:    External font `cmex10' loaded for size
(Font)              <12> on input line 10.
LaTeX Font Info:    External font `cmex10' loaded for size
(Font)              <8> on input line 10.
LaTeX Font Info:    External font `cmex10' loaded for size
(Font)              <6> on input line 10.

LaTeX Warning: No \author given.


Underfull \hbox (badness 10000) in paragraph at lines 31--32
[]\OT1/cmr/bx/n/9 Editors (for de-part-
 []

Package mdframed Info: mdframed inside a box 
 mdframed uses option nobreak mdframed on input line 41.
Missing character: There is no ‚ in font cmss10!
Missing character: There is no Ä in font cmss10!
Missing character: There is no ú in font cmss10!
Missing character: There is no ‚ in font cmss10!
Missing character: There is no Ä in font cmss10!
Missing character: There is no ù in font cmss10!
Missing character: There is no ‚ in font cmr10!
Missing character: There is no Ä in font cmr10!
Missing character: There is no î in font cmr10!
Missing character: There is no ‚ in font cmr10!
Missing character: There is no Ä in font cmr10!
Missing character: There is no ô in font cmr10!
Missing character: There is no ‚ in font cmr10!
Missing character: There is no Ä in font cmr10!
Missing character: There is no ú in font cmr10!
Missing character: There is no ‚ in font cmr10!
Missing character: There is no Ä in font cmr10!
Missing character: There is no ù in font cmr10!
Missing character: There is no ‚ in font cmr10!
Missing character: There is no Ä in font cmr10!
Missing character: There is no ô in font cmr10!
Missing character: There is no ‚ in font cmr10!
Missing character: There is no Ä in font cmr10!
Missing character: There is no ú in font cmr10!
Missing character: There is no ‚ in font cmr10!
Missing character: There is no Ä in font cmr10!
Missing character: There is no ù in font cmr10!
Missing character: There is no ‚ in font cmr10!
Missing character: There is no Ä in font cmr10!
Missing character: There is no ú in font cmr10!
Missing character: There is no ‚ in font cmr10!
Missing character: There is no Ä in font cmr10!
Missing character: There is no ù in font cmr10!
LaTeX Font Info:    External font `cmex10' loaded for size
(Font)              <7> on input line 56.
LaTeX Font Info:    External font `cmex10' loaded for size
(Font)              <5> on input line 56.
(intro.tex
<./fig/heading.jpg, id=4, 4.51688pt x 18.0675pt>
File: ./fig/heading.jpg Graphic file (type jpg)
<use ./fig/heading.jpg>
Package pdftex.def Info: ./fig/heading.jpg  used on input line 1.
(pdftex.def)             Requested size: 3.61348pt x 14.45401pt.
Missing character: There is no ‚ in font cmr10!
Missing character: There is no Ä in font cmr10!
Missing character: There is no ô in font cmr10!
Missing character: There is no ‚ in font cmr10!
Missing character: There is no Ä in font cmr10!
Missing character: There is no ú in font cmr10!
Missing character: There is no ‚ in font cmr10!
Missing character: There is no Ä in font cmr10!
Missing character: There is no ù in font cmr10!
Missing character: There is no ‚ in font cmr10!
Missing character: There is no Ä in font cmr10!
Missing character: There is no ú in font cmr10!
Missing character: There is no ‚ in font cmr10!
Missing character: There is no Ä in font cmr10!
Missing character: There is no ù in font cmr10!
Missing character: There is no ‚ in font cmr10!
Missing character: There is no Ä in font cmr10!
Missing character: There is no ú in font cmr10!
Missing character: There is no ‚ in font cmr10!
Missing character: There is no Ä in font cmr10!
Missing character: There is no ù in font cmr10!
Missing character: There is no ‚ in font cmr10!
Missing character: There is no Ä in font cmr10!
Missing character: There is no ú in font cmr10!
Missing character: There is no ‚ in font cmr10!
Missing character: There is no Ä in font cmr10!
Missing character: There is no ù in font cmr10!
) (conclusion.tex
File: ./fig/heading.jpg Graphic file (type jpg)
<use ./fig/heading.jpg>
Package pdftex.def Info: ./fig/heading.jpg  used on input line 1.
(pdftex.def)             Requested size: 3.61348pt x 14.45401pt.
)
Missing character: There is no ‚ in font cmr10!
Missing character: There is no Ä in font cmr10!
Missing character: There is no ô in font cmr10!
<./fig/micro_header.png, id=5, 570.933pt x 137.313pt>
File: ./fig/micro_header.png Graphic file (type png)
<use ./fig/micro_header.png>
Package pdftex.def Info: ./fig/micro_header.png  used on input line 71.
(pdftex.def)             Requested size: 569.5377pt x 136.9774pt.
 [1

{C:/Users/onur/AppData/Local/MiKTeX/2.9/pdftex/config/pdftex.map} <./fig/micro_
header.png> <./fig/heading.jpg>] (main.bbl)
<./fig/header_cap.jpg, id=16, 40.65187pt x 9.03375pt>
File: ./fig/header_cap.jpg Graphic file (type jpg)
<use ./fig/header_cap.jpg>
Package pdftex.def Info: ./fig/header_cap.jpg  used on input line 87.
(pdftex.def)             Requested size: 32.52153pt x 7.22699pt.

[2 <./fig/header_cap.jpg>] (main.aux) ) 
Here is how much of TeX's memory you used:
 23317 strings out of 493303
 463923 string characters out of 3130219
 578536 words of memory out of 3000000
 26546 multiletter control sequences out of 15000+200000
 537252 words of font info for 40 fonts, out of 3000000 for 9000
 1144 hyphenation exceptions out of 8191
 57i,16n,65p,848b,363s stack positions out of 5000i,500n,10000p,200000b,50000s
<C:/Users/onur/AppData/Local/Programs/Mi
KTeX 2.9/fonts/type1/public/amsfonts/cm/cmbx10.pfb><C:/Users/onur/AppData/Local
/Programs/MiKTeX 2.9/fonts/type1/public/amsfonts/cm/cmbx9.pfb><C:/Users/onur/Ap
pData/Local/Programs/MiKTeX 2.9/fonts/type1/public/amsfonts/cm/cmr10.pfb><C:/Us
ers/onur/AppData/Local/Programs/MiKTeX 2.9/fonts/type1/public/amsfonts/cm/cmr7.
pfb><C:/Users/onur/AppData/Local/Programs/MiKTeX 2.9/fonts/type1/public/amsfont
s/cm/cmr9.pfb><C:/Users/onur/AppData/Local/Programs/MiKTeX 2.9/fonts/type1/publ
ic/amsfonts/cm/cmss10.pfb><C:/Users/onur/AppData/Local/Programs/MiKTeX 2.9/font
s/type1/public/amsfonts/cm/cmss17.pfb><C:/Users/onur/AppData/Local/Programs/MiK
TeX 2.9/fonts/type1/public/amsfonts/cm/cmti10.pfb>
Output written on main.pdf (2 pages, 1976576 bytes).
PDF statistics:
 47 PDF objects out of 1000 (max. 8388607)
 0 named destinations out of 1000 (max. 500000)
 28 words of extra memory for PDF output out of 10000 (max. 10000000)

